{"/Users/frederickanderson/Desktop/myProjects/CheerioTravelApp/server/src/destinationindex.ts": {"path":"/Users/frederickanderson/Desktop/myProjects/CheerioTravelApp/server/src/destinationindex.ts","statementMap":{"0":{"start":{"line":2,"column":0},"end":{"line":2,"column":30}},"1":{"start":{"line":3,"column":0},"end":{"line":3,"column":40}},"2":{"start":{"line":4,"column":0},"end":{"line":4,"column":54}},"3":{"start":{"line":5,"column":0},"end":{"line":5,"column":32}},"4":{"start":{"line":8,"column":12},"end":{"line":8,"column":21}},"5":{"start":{"line":9,"column":0},"end":{"line":22,"column":3}},"6":{"start":{"line":13,"column":4},"end":{"line":13,"column":28}},"7":{"start":{"line":14,"column":4},"end":{"line":14,"column":34}},"8":{"start":{"line":15,"column":4},"end":{"line":15,"column":48}},"9":{"start":{"line":17,"column":4},"end":{"line":19,"column":7}},"10":{"start":{"line":18,"column":8},"end":{"line":18,"column":54}},"11":{"start":{"line":21,"column":4},"end":{"line":21,"column":58}},"12":{"start":{"line":24,"column":0},"end":{"line":24,"column":19}}},"fnMap":{"0":{"name":"(anonymous_1)","decl":{"start":{"line":12,"column":15},"end":{"line":12,"column":18}},"loc":{"start":{"line":12,"column":20},"end":{"line":20,"column":1}}},"1":{"name":"(anonymous_2)","decl":{"start":{"line":17,"column":21},"end":{"line":17,"column":24}},"loc":{"start":{"line":17,"column":26},"end":{"line":19,"column":5}}},"2":{"name":"(anonymous_3)","decl":{"start":{"line":20,"column":9},"end":{"line":20,"column":10}},"loc":{"start":{"line":20,"column":19},"end":{"line":22,"column":1}}}},"branchMap":{"0":{"loc":{"start":{"line":9,"column":17},"end":{"line":9,"column":76}},"type":"binary-expr","locations":[{"start":{"line":9,"column":17},"end":{"line":9,"column":40}},{"start":{"line":9,"column":44},"end":{"line":9,"column":76}}]}},"s":{"0":1,"1":1,"2":1,"3":1,"4":1,"5":1,"6":1,"7":1,"8":1,"9":1,"10":1,"11":0,"12":1},"f":{"0":1,"1":1,"2":0},"b":{"0":[1,1]}}
,"/Users/frederickanderson/Desktop/myProjects/CheerioTravelApp/server/src/tripindex.ts": {"path":"/Users/frederickanderson/Desktop/myProjects/CheerioTravelApp/server/src/tripindex.ts","statementMap":{"0":{"start":{"line":2,"column":0},"end":{"line":2,"column":30}},"1":{"start":{"line":3,"column":0},"end":{"line":3,"column":40}},"2":{"start":{"line":4,"column":0},"end":{"line":4,"column":54}},"3":{"start":{"line":5,"column":0},"end":{"line":5,"column":32}},"4":{"start":{"line":8,"column":12},"end":{"line":8,"column":21}},"5":{"start":{"line":9,"column":0},"end":{"line":22,"column":3}},"6":{"start":{"line":13,"column":4},"end":{"line":13,"column":28}},"7":{"start":{"line":14,"column":4},"end":{"line":14,"column":34}},"8":{"start":{"line":15,"column":4},"end":{"line":15,"column":48}},"9":{"start":{"line":17,"column":4},"end":{"line":19,"column":7}},"10":{"start":{"line":18,"column":8},"end":{"line":18,"column":54}},"11":{"start":{"line":21,"column":4},"end":{"line":21,"column":58}},"12":{"start":{"line":24,"column":0},"end":{"line":24,"column":19}}},"fnMap":{"0":{"name":"(anonymous_1)","decl":{"start":{"line":12,"column":15},"end":{"line":12,"column":18}},"loc":{"start":{"line":12,"column":20},"end":{"line":20,"column":1}}},"1":{"name":"(anonymous_2)","decl":{"start":{"line":17,"column":21},"end":{"line":17,"column":24}},"loc":{"start":{"line":17,"column":26},"end":{"line":19,"column":5}}},"2":{"name":"(anonymous_3)","decl":{"start":{"line":20,"column":9},"end":{"line":20,"column":10}},"loc":{"start":{"line":20,"column":19},"end":{"line":22,"column":1}}}},"branchMap":{"0":{"loc":{"start":{"line":9,"column":17},"end":{"line":9,"column":76}},"type":"binary-expr","locations":[{"start":{"line":9,"column":17},"end":{"line":9,"column":40}},{"start":{"line":9,"column":44},"end":{"line":9,"column":76}}]}},"s":{"0":1,"1":1,"2":1,"3":1,"4":1,"5":1,"6":1,"7":1,"8":1,"9":1,"10":1,"11":0,"12":1},"f":{"0":1,"1":1,"2":0},"b":{"0":[1,1]}}
,"/Users/frederickanderson/Desktop/myProjects/CheerioTravelApp/server/src/models/Destination.ts": {"path":"/Users/frederickanderson/Desktop/myProjects/CheerioTravelApp/server/src/models/Destination.ts","statementMap":{"0":{"start":{"line":2,"column":0},"end":{"line":2,"column":54}},"1":{"start":{"line":11,"column":28},"end":{"line":16,"column":4}},"2":{"start":{"line":19,"column":0},"end":{"line":19,"column":78}}},"fnMap":{},"branchMap":{},"s":{"0":2,"1":2,"2":2},"f":{},"b":{}}
,"/Users/frederickanderson/Desktop/myProjects/CheerioTravelApp/server/src/models/Trip.ts": {"path":"/Users/frederickanderson/Desktop/myProjects/CheerioTravelApp/server/src/models/Trip.ts","statementMap":{"0":{"start":{"line":2,"column":0},"end":{"line":2,"column":54}},"1":{"start":{"line":13,"column":19},"end":{"line":20,"column":2}},"2":{"start":{"line":22,"column":0},"end":{"line":22,"column":57}}},"fnMap":{},"branchMap":{},"s":{"0":2,"1":2,"2":2},"f":{},"b":{}}
,"/Users/frederickanderson/Desktop/myProjects/CheerioTravelApp/server/src/routes/destinations.ts": {"path":"/Users/frederickanderson/Desktop/myProjects/CheerioTravelApp/server/src/routes/destinations.ts","statementMap":{"0":{"start":{"line":1,"column":0},"end":{"line":1,"column":30}},"1":{"start":{"line":2,"column":0},"end":{"line":2,"column":49}},"2":{"start":{"line":4,"column":26},"end":{"line":4,"column":42}},"3":{"start":{"line":7,"column":0},"end":{"line":15,"column":3}},"4":{"start":{"line":7,"column":47},"end":{"line":15,"column":2}},"5":{"start":{"line":8,"column":2},"end":{"line":14,"column":3}},"6":{"start":{"line":9,"column":24},"end":{"line":9,"column":49}},"7":{"start":{"line":10,"column":4},"end":{"line":10,"column":29}},"8":{"start":{"line":11,"column":4},"end":{"line":11,"column":38}},"9":{"start":{"line":13,"column":4},"end":{"line":13,"column":77}},"10":{"start":{"line":18,"column":0},"end":{"line":25,"column":3}},"11":{"start":{"line":18,"column":46},"end":{"line":25,"column":2}},"12":{"start":{"line":19,"column":2},"end":{"line":24,"column":3}},"13":{"start":{"line":20,"column":25},"end":{"line":20,"column":49}},"14":{"start":{"line":21,"column":4},"end":{"line":21,"column":39}},"15":{"start":{"line":23,"column":4},"end":{"line":23,"column":77}},"16":{"start":{"line":28,"column":0},"end":{"line":38,"column":3}},"17":{"start":{"line":28,"column":49},"end":{"line":38,"column":2}},"18":{"start":{"line":29,"column":2},"end":{"line":37,"column":3}},"19":{"start":{"line":30,"column":24},"end":{"line":30,"column":65}},"20":{"start":{"line":31,"column":4},"end":{"line":33,"column":5}},"21":{"start":{"line":32,"column":6},"end":{"line":32,"column":72}},"22":{"start":{"line":34,"column":4},"end":{"line":34,"column":38}},"23":{"start":{"line":36,"column":6},"end":{"line":36,"column":78}},"24":{"start":{"line":41,"column":0},"end":{"line":54,"column":3}},"25":{"start":{"line":41,"column":49},"end":{"line":54,"column":2}},"26":{"start":{"line":42,"column":4},"end":{"line":53,"column":5}},"27":{"start":{"line":44,"column":32},"end":{"line":44,"column":80}},"28":{"start":{"line":45,"column":6},"end":{"line":47,"column":7}},"29":{"start":{"line":46,"column":8},"end":{"line":46,"column":74}},"30":{"start":{"line":49,"column":26},"end":{"line":49,"column":101}},"31":{"start":{"line":50,"column":6},"end":{"line":50,"column":40}},"32":{"start":{"line":52,"column":6},"end":{"line":52,"column":79}},"33":{"start":{"line":58,"column":0},"end":{"line":68,"column":5}},"34":{"start":{"line":58,"column":52},"end":{"line":68,"column":4}},"35":{"start":{"line":59,"column":4},"end":{"line":67,"column":5}},"36":{"start":{"line":60,"column":26},"end":{"line":60,"column":76}},"37":{"start":{"line":61,"column":6},"end":{"line":63,"column":7}},"38":{"start":{"line":62,"column":8},"end":{"line":62,"column":74}},"39":{"start":{"line":64,"column":6},"end":{"line":64,"column":40}},"40":{"start":{"line":66,"column":6},"end":{"line":66,"column":79}},"41":{"start":{"line":71,"column":0},"end":{"line":86,"column":3}},"42":{"start":{"line":71,"column":58},"end":{"line":86,"column":2}},"43":{"start":{"line":72,"column":2},"end":{"line":85,"column":3}},"44":{"start":{"line":73,"column":21},"end":{"line":73,"column":31}},"45":{"start":{"line":74,"column":18},"end":{"line":74,"column":39}},"46":{"start":{"line":76,"column":25},"end":{"line":76,"column":64}},"47":{"start":{"line":78,"column":4},"end":{"line":80,"column":5}},"48":{"start":{"line":79,"column":6},"end":{"line":79,"column":87}},"49":{"start":{"line":82,"column":4},"end":{"line":82,"column":39}},"50":{"start":{"line":84,"column":4},"end":{"line":84,"column":86}},"51":{"start":{"line":89,"column":0},"end":{"line":89,"column":33}}},"fnMap":{"0":{"name":"(anonymous_8)","decl":{"start":{"line":7,"column":28},"end":{"line":7,"column":35}},"loc":{"start":{"line":7,"column":47},"end":{"line":15,"column":2}}},"1":{"name":"(anonymous_9)","decl":{"start":{"line":7,"column":47},"end":{"line":7,"column":null}},"loc":{"start":{"line":7,"column":47},"end":{"line":15,"column":1}}},"2":{"name":"(anonymous_10)","decl":{"start":{"line":18,"column":27},"end":{"line":18,"column":34}},"loc":{"start":{"line":18,"column":46},"end":{"line":25,"column":2}}},"3":{"name":"(anonymous_11)","decl":{"start":{"line":18,"column":46},"end":{"line":18,"column":null}},"loc":{"start":{"line":18,"column":46},"end":{"line":25,"column":1}}},"4":{"name":"(anonymous_12)","decl":{"start":{"line":28,"column":30},"end":{"line":28,"column":37}},"loc":{"start":{"line":28,"column":49},"end":{"line":38,"column":2}}},"5":{"name":"(anonymous_13)","decl":{"start":{"line":28,"column":49},"end":{"line":28,"column":null}},"loc":{"start":{"line":28,"column":49},"end":{"line":38,"column":1}}},"6":{"name":"(anonymous_14)","decl":{"start":{"line":41,"column":30},"end":{"line":41,"column":37}},"loc":{"start":{"line":41,"column":49},"end":{"line":54,"column":2}}},"7":{"name":"(anonymous_15)","decl":{"start":{"line":41,"column":49},"end":{"line":41,"column":null}},"loc":{"start":{"line":41,"column":49},"end":{"line":54,"column":1}}},"8":{"name":"(anonymous_16)","decl":{"start":{"line":58,"column":33},"end":{"line":58,"column":40}},"loc":{"start":{"line":58,"column":52},"end":{"line":68,"column":4}}},"9":{"name":"(anonymous_17)","decl":{"start":{"line":58,"column":52},"end":{"line":58,"column":null}},"loc":{"start":{"line":58,"column":52},"end":{"line":68,"column":3}}},"10":{"name":"(anonymous_18)","decl":{"start":{"line":71,"column":39},"end":{"line":71,"column":46}},"loc":{"start":{"line":71,"column":58},"end":{"line":86,"column":2}}},"11":{"name":"(anonymous_19)","decl":{"start":{"line":71,"column":58},"end":{"line":71,"column":null}},"loc":{"start":{"line":71,"column":58},"end":{"line":86,"column":1}}}},"branchMap":{"0":{"loc":{"start":{"line":31,"column":4},"end":{"line":33,"column":5}},"type":"if","locations":[{"start":{"line":31,"column":4},"end":{"line":33,"column":5}}]},"1":{"loc":{"start":{"line":45,"column":6},"end":{"line":47,"column":7}},"type":"if","locations":[{"start":{"line":45,"column":6},"end":{"line":47,"column":7}}]},"2":{"loc":{"start":{"line":61,"column":6},"end":{"line":63,"column":7}},"type":"if","locations":[{"start":{"line":61,"column":6},"end":{"line":63,"column":7}}]},"3":{"loc":{"start":{"line":78,"column":4},"end":{"line":80,"column":5}},"type":"if","locations":[{"start":{"line":78,"column":4},"end":{"line":80,"column":5}}]}},"s":{"0":2,"1":2,"2":2,"3":2,"4":2,"5":2,"6":2,"7":2,"8":1,"9":1,"10":2,"11":1,"12":1,"13":1,"14":1,"15":0,"16":2,"17":1,"18":1,"19":1,"20":1,"21":0,"22":1,"23":0,"24":2,"25":2,"26":2,"27":2,"28":2,"29":1,"30":1,"31":1,"32":0,"33":2,"34":2,"35":2,"36":2,"37":2,"38":1,"39":1,"40":0,"41":2,"42":3,"43":3,"44":3,"45":3,"46":3,"47":2,"48":1,"49":1,"50":1,"51":2},"f":{"0":2,"1":2,"2":1,"3":1,"4":1,"5":1,"6":2,"7":2,"8":2,"9":2,"10":3,"11":3},"b":{"0":[0],"1":[1],"2":[1],"3":[1]}}
,"/Users/frederickanderson/Desktop/myProjects/CheerioTravelApp/server/src/routes/trips.ts": {"path":"/Users/frederickanderson/Desktop/myProjects/CheerioTravelApp/server/src/routes/trips.ts","statementMap":{"0":{"start":{"line":1,"column":0},"end":{"line":1,"column":30}},"1":{"start":{"line":2,"column":0},"end":{"line":2,"column":36}},"2":{"start":{"line":3,"column":0},"end":{"line":3,"column":49}},"3":{"start":{"line":4,"column":0},"end":{"line":4,"column":32}},"4":{"start":{"line":6,"column":19},"end":{"line":6,"column":35}},"5":{"start":{"line":9,"column":0},"end":{"line":24,"column":5}},"6":{"start":{"line":9,"column":40},"end":{"line":24,"column":4}},"7":{"start":{"line":10,"column":4},"end":{"line":23,"column":5}},"8":{"start":{"line":11,"column":44},"end":{"line":11,"column":52}},"9":{"start":{"line":11,"column":26},"end":{"line":11,"column":31}},"10":{"start":{"line":11,"column":39},"end":{"line":11,"column":44}},"11":{"start":{"line":12,"column":35},"end":{"line":12,"column":100}},"12":{"start":{"line":12,"column":68},"end":{"line":12,"column":99}},"13":{"start":{"line":14,"column":19},"end":{"line":16,"column":null}},"14":{"start":{"line":19,"column":6},"end":{"line":19,"column":24}},"15":{"start":{"line":20,"column":6},"end":{"line":20,"column":33}},"16":{"start":{"line":22,"column":6},"end":{"line":22,"column":72}},"17":{"start":{"line":27,"column":0},"end":{"line":37,"column":3}},"18":{"start":{"line":27,"column":45},"end":{"line":37,"column":2}},"19":{"start":{"line":28,"column":2},"end":{"line":36,"column":3}},"20":{"start":{"line":29,"column":17},"end":{"line":29,"column":60}},"21":{"start":{"line":30,"column":4},"end":{"line":32,"column":5}},"22":{"start":{"line":31,"column":6},"end":{"line":31,"column":65}},"23":{"start":{"line":33,"column":4},"end":{"line":33,"column":29}},"24":{"start":{"line":35,"column":4},"end":{"line":35,"column":70}},"25":{"start":{"line":40,"column":0},"end":{"line":52,"column":3}},"26":{"start":{"line":40,"column":42},"end":{"line":52,"column":2}},"27":{"start":{"line":41,"column":2},"end":{"line":51,"column":3}},"28":{"start":{"line":42,"column":23},"end":{"line":42,"column":64}},"29":{"start":{"line":43,"column":4},"end":{"line":45,"column":5}},"30":{"start":{"line":44,"column":6},"end":{"line":44,"column":65}},"31":{"start":{"line":47,"column":17},"end":{"line":47,"column":85}},"32":{"start":{"line":48,"column":4},"end":{"line":48,"column":31}},"33":{"start":{"line":50,"column":4},"end":{"line":50,"column":70}},"34":{"start":{"line":56,"column":0},"end":{"line":67,"column":3}},"35":{"start":{"line":56,"column":55},"end":{"line":67,"column":2}},"36":{"start":{"line":57,"column":2},"end":{"line":66,"column":3}},"37":{"start":{"line":58,"column":17},"end":{"line":58,"column":51}},"38":{"start":{"line":59,"column":4},"end":{"line":61,"column":5}},"39":{"start":{"line":60,"column":6},"end":{"line":60,"column":65}},"40":{"start":{"line":63,"column":4},"end":{"line":63,"column":44}},"41":{"start":{"line":65,"column":4},"end":{"line":65,"column":77}},"42":{"start":{"line":70,"column":0},"end":{"line":93,"column":3}},"43":{"start":{"line":70,"column":58},"end":{"line":93,"column":2}},"44":{"start":{"line":71,"column":2},"end":{"line":92,"column":3}},"45":{"start":{"line":72,"column":17},"end":{"line":72,"column":51}},"46":{"start":{"line":73,"column":4},"end":{"line":75,"column":5}},"47":{"start":{"line":74,"column":6},"end":{"line":74,"column":65}},"48":{"start":{"line":77,"column":30},"end":{"line":77,"column":102}},"49":{"start":{"line":77,"column":70},"end":{"line":77,"column":101}},"50":{"start":{"line":78,"column":35},"end":{"line":78,"column":86}},"51":{"start":{"line":78,"column":72},"end":{"line":78,"column":85}},"52":{"start":{"line":80,"column":23},"end":{"line":80,"column":109}},"53":{"start":{"line":80,"column":62},"end":{"line":80,"column":108}},"54":{"start":{"line":82,"column":4},"end":{"line":84,"column":5}},"55":{"start":{"line":83,"column":6},"end":{"line":83,"column":107}},"56":{"start":{"line":86,"column":4},"end":{"line":86,"column":49}},"57":{"start":{"line":87,"column":4},"end":{"line":87,"column":22}},"58":{"start":{"line":89,"column":4},"end":{"line":89,"column":31}},"59":{"start":{"line":91,"column":4},"end":{"line":91,"column":83}},"60":{"start":{"line":95,"column":0},"end":{"line":117,"column":3}},"61":{"start":{"line":95,"column":61},"end":{"line":117,"column":2}},"62":{"start":{"line":96,"column":2},"end":{"line":116,"column":3}},"63":{"start":{"line":97,"column":17},"end":{"line":97,"column":51}},"64":{"start":{"line":98,"column":4},"end":{"line":100,"column":5}},"65":{"start":{"line":99,"column":6},"end":{"line":99,"column":65}},"66":{"start":{"line":102,"column":33},"end":{"line":102,"column":78}},"67":{"start":{"line":102,"column":75},"end":{"line":102,"column":77}},"68":{"start":{"line":103,"column":32},"end":{"line":103,"column":113}},"69":{"start":{"line":103,"column":65},"end":{"line":103,"column":112}},"70":{"start":{"line":106,"column":4},"end":{"line":108,"column":5}},"71":{"start":{"line":107,"column":6},"end":{"line":107,"column":91}},"72":{"start":{"line":110,"column":4},"end":{"line":110,"column":44}},"73":{"start":{"line":111,"column":4},"end":{"line":111,"column":22}},"74":{"start":{"line":113,"column":4},"end":{"line":113,"column":31}},"75":{"start":{"line":115,"column":4},"end":{"line":115,"column":88}},"76":{"start":{"line":121,"column":0},"end":{"line":131,"column":3}},"77":{"start":{"line":121,"column":42},"end":{"line":131,"column":2}},"78":{"start":{"line":122,"column":2},"end":{"line":130,"column":3}},"79":{"start":{"line":123,"column":17},"end":{"line":123,"column":51}},"80":{"start":{"line":124,"column":4},"end":{"line":126,"column":5}},"81":{"start":{"line":125,"column":6},"end":{"line":125,"column":65}},"82":{"start":{"line":127,"column":4},"end":{"line":127,"column":31}},"83":{"start":{"line":129,"column":4},"end":{"line":129,"column":69}},"84":{"start":{"line":134,"column":0},"end":{"line":154,"column":3}},"85":{"start":{"line":134,"column":39},"end":{"line":154,"column":2}},"86":{"start":{"line":135,"column":2},"end":{"line":153,"column":3}},"87":{"start":{"line":136,"column":27},"end":{"line":136,"column":36}},"88":{"start":{"line":138,"column":23},"end":{"line":138,"column":25}},"89":{"start":{"line":140,"column":4},"end":{"line":142,"column":5}},"90":{"start":{"line":141,"column":6},"end":{"line":141,"column":63}},"91":{"start":{"line":144,"column":4},"end":{"line":147,"column":5}},"92":{"start":{"line":145,"column":25},"end":{"line":145,"column":49}},"93":{"start":{"line":146,"column":6},"end":{"line":146,"column":null}},"94":{"start":{"line":149,"column":18},"end":{"line":149,"column":40}},"95":{"start":{"line":150,"column":4},"end":{"line":150,"column":32}},"96":{"start":{"line":152,"column":4},"end":{"line":152,"column":70}},"97":{"start":{"line":157,"column":0},"end":{"line":170,"column":5}},"98":{"start":{"line":157,"column":56},"end":{"line":170,"column":4}},"99":{"start":{"line":158,"column":4},"end":{"line":169,"column":5}},"100":{"start":{"line":160,"column":32},"end":{"line":160,"column":80}},"101":{"start":{"line":161,"column":6},"end":{"line":163,"column":7}},"102":{"start":{"line":162,"column":8},"end":{"line":162,"column":74}},"103":{"start":{"line":165,"column":20},"end":{"line":165,"column":68}},"104":{"start":{"line":166,"column":6},"end":{"line":166,"column":34}},"105":{"start":{"line":168,"column":6},"end":{"line":168,"column":87}},"106":{"start":{"line":173,"column":0},"end":{"line":187,"column":3}},"107":{"start":{"line":173,"column":58},"end":{"line":187,"column":2}},"108":{"start":{"line":174,"column":2},"end":{"line":186,"column":3}},"109":{"start":{"line":175,"column":17},"end":{"line":175,"column":51}},"110":{"start":{"line":176,"column":4},"end":{"line":178,"column":5}},"111":{"start":{"line":177,"column":6},"end":{"line":177,"column":65}},"112":{"start":{"line":180,"column":4},"end":{"line":180,"column":54}},"113":{"start":{"line":181,"column":4},"end":{"line":181,"column":22}},"114":{"start":{"line":183,"column":4},"end":{"line":183,"column":31}},"115":{"start":{"line":185,"column":4},"end":{"line":185,"column":83}},"116":{"start":{"line":189,"column":0},"end":{"line":189,"column":26}}},"fnMap":{"0":{"name":"(anonymous_9)","decl":{"start":{"line":9,"column":21},"end":{"line":9,"column":28}},"loc":{"start":{"line":9,"column":40},"end":{"line":24,"column":4}}},"1":{"name":"(anonymous_10)","decl":{"start":{"line":9,"column":40},"end":{"line":9,"column":null}},"loc":{"start":{"line":9,"column":40},"end":{"line":24,"column":3}}},"2":{"name":"(anonymous_11)","decl":{"start":{"line":12,"column":52},"end":{"line":12,"column":53}},"loc":{"start":{"line":12,"column":68},"end":{"line":12,"column":99}}},"3":{"name":"(anonymous_12)","decl":{"start":{"line":27,"column":26},"end":{"line":27,"column":33}},"loc":{"start":{"line":27,"column":45},"end":{"line":37,"column":2}}},"4":{"name":"(anonymous_13)","decl":{"start":{"line":27,"column":45},"end":{"line":27,"column":null}},"loc":{"start":{"line":27,"column":45},"end":{"line":37,"column":1}}},"5":{"name":"(anonymous_14)","decl":{"start":{"line":40,"column":23},"end":{"line":40,"column":30}},"loc":{"start":{"line":40,"column":42},"end":{"line":52,"column":2}}},"6":{"name":"(anonymous_15)","decl":{"start":{"line":40,"column":42},"end":{"line":40,"column":null}},"loc":{"start":{"line":40,"column":42},"end":{"line":52,"column":1}}},"7":{"name":"(anonymous_16)","decl":{"start":{"line":56,"column":36},"end":{"line":56,"column":43}},"loc":{"start":{"line":56,"column":55},"end":{"line":67,"column":2}}},"8":{"name":"(anonymous_17)","decl":{"start":{"line":56,"column":55},"end":{"line":56,"column":null}},"loc":{"start":{"line":56,"column":55},"end":{"line":67,"column":1}}},"9":{"name":"(anonymous_18)","decl":{"start":{"line":70,"column":39},"end":{"line":70,"column":46}},"loc":{"start":{"line":70,"column":58},"end":{"line":93,"column":2}}},"10":{"name":"(anonymous_19)","decl":{"start":{"line":70,"column":58},"end":{"line":70,"column":null}},"loc":{"start":{"line":70,"column":58},"end":{"line":93,"column":1}}},"11":{"name":"(anonymous_20)","decl":{"start":{"line":77,"column":56},"end":{"line":77,"column":57}},"loc":{"start":{"line":77,"column":70},"end":{"line":77,"column":101}}},"12":{"name":"(anonymous_21)","decl":{"start":{"line":78,"column":57},"end":{"line":78,"column":58}},"loc":{"start":{"line":78,"column":72},"end":{"line":78,"column":85}}},"13":{"name":"(anonymous_22)","decl":{"start":{"line":80,"column":48},"end":{"line":80,"column":49}},"loc":{"start":{"line":80,"column":62},"end":{"line":80,"column":108}}},"14":{"name":"(anonymous_23)","decl":{"start":{"line":95,"column":42},"end":{"line":95,"column":49}},"loc":{"start":{"line":95,"column":61},"end":{"line":117,"column":2}}},"15":{"name":"(anonymous_24)","decl":{"start":{"line":95,"column":61},"end":{"line":95,"column":null}},"loc":{"start":{"line":95,"column":61},"end":{"line":117,"column":1}}},"16":{"name":"(anonymous_25)","decl":{"start":{"line":102,"column":59},"end":{"line":102,"column":60}},"loc":{"start":{"line":102,"column":75},"end":{"line":102,"column":77}}},"17":{"name":"(anonymous_26)","decl":{"start":{"line":103,"column":57},"end":{"line":103,"column":61}},"loc":{"start":{"line":103,"column":65},"end":{"line":103,"column":112}}},"18":{"name":"(anonymous_27)","decl":{"start":{"line":121,"column":23},"end":{"line":121,"column":30}},"loc":{"start":{"line":121,"column":42},"end":{"line":131,"column":2}}},"19":{"name":"(anonymous_28)","decl":{"start":{"line":121,"column":42},"end":{"line":121,"column":null}},"loc":{"start":{"line":121,"column":42},"end":{"line":131,"column":1}}},"20":{"name":"(anonymous_29)","decl":{"start":{"line":134,"column":20},"end":{"line":134,"column":27}},"loc":{"start":{"line":134,"column":39},"end":{"line":154,"column":2}}},"21":{"name":"(anonymous_30)","decl":{"start":{"line":134,"column":39},"end":{"line":134,"column":null}},"loc":{"start":{"line":134,"column":39},"end":{"line":154,"column":1}}},"22":{"name":"(anonymous_31)","decl":{"start":{"line":157,"column":37},"end":{"line":157,"column":44}},"loc":{"start":{"line":157,"column":56},"end":{"line":170,"column":4}}},"23":{"name":"(anonymous_32)","decl":{"start":{"line":157,"column":56},"end":{"line":157,"column":null}},"loc":{"start":{"line":157,"column":56},"end":{"line":170,"column":3}}},"24":{"name":"(anonymous_33)","decl":{"start":{"line":173,"column":39},"end":{"line":173,"column":46}},"loc":{"start":{"line":173,"column":58},"end":{"line":187,"column":2}}},"25":{"name":"(anonymous_34)","decl":{"start":{"line":173,"column":58},"end":{"line":173,"column":null}},"loc":{"start":{"line":173,"column":58},"end":{"line":187,"column":1}}}},"branchMap":{"0":{"loc":{"start":{"line":30,"column":4},"end":{"line":32,"column":5}},"type":"if","locations":[{"start":{"line":30,"column":4},"end":{"line":32,"column":5}}]},"1":{"loc":{"start":{"line":43,"column":4},"end":{"line":45,"column":5}},"type":"if","locations":[{"start":{"line":43,"column":4},"end":{"line":45,"column":5}}]},"2":{"loc":{"start":{"line":59,"column":4},"end":{"line":61,"column":5}},"type":"if","locations":[{"start":{"line":59,"column":4},"end":{"line":61,"column":5}}]},"3":{"loc":{"start":{"line":73,"column":4},"end":{"line":75,"column":5}},"type":"if","locations":[{"start":{"line":73,"column":4},"end":{"line":75,"column":5}}]},"4":{"loc":{"start":{"line":82,"column":4},"end":{"line":84,"column":5}},"type":"if","locations":[{"start":{"line":82,"column":4},"end":{"line":84,"column":5}}]},"5":{"loc":{"start":{"line":98,"column":4},"end":{"line":100,"column":5}},"type":"if","locations":[{"start":{"line":98,"column":4},"end":{"line":100,"column":5}}]},"6":{"loc":{"start":{"line":106,"column":4},"end":{"line":108,"column":5}},"type":"if","locations":[{"start":{"line":106,"column":4},"end":{"line":108,"column":5}}]},"7":{"loc":{"start":{"line":124,"column":4},"end":{"line":126,"column":5}},"type":"if","locations":[{"start":{"line":124,"column":4},"end":{"line":126,"column":5}}]},"8":{"loc":{"start":{"line":140,"column":4},"end":{"line":142,"column":5}},"type":"if","locations":[{"start":{"line":140,"column":4},"end":{"line":142,"column":5}}]},"9":{"loc":{"start":{"line":144,"column":4},"end":{"line":147,"column":5}},"type":"if","locations":[{"start":{"line":144,"column":4},"end":{"line":147,"column":5}}]},"10":{"loc":{"start":{"line":161,"column":6},"end":{"line":163,"column":7}},"type":"if","locations":[{"start":{"line":161,"column":6},"end":{"line":163,"column":7}}]},"11":{"loc":{"start":{"line":176,"column":4},"end":{"line":178,"column":5}},"type":"if","locations":[{"start":{"line":176,"column":4},"end":{"line":178,"column":5}}]},"12":{"loc":{"start":{"line":180,"column":4},"end":{"line":180,"column":53}},"type":"cond-expr","locations":[{"start":{"line":180,"column":21},"end":{"line":180,"column":23}},{"start":{"line":180,"column":21},"end":{"line":180,"column":53}}]},"13":{"loc":{"start":{"line":180,"column":4},"end":{"line":180,"column":23}},"type":"binary-expr","locations":[{"start":{"line":180,"column":4},"end":{"line":180,"column":23}},{"start":{"line":180,"column":21},"end":{"line":180,"column":23}}]}},"s":{"0":2,"1":2,"2":2,"3":2,"4":2,"5":2,"6":1,"7":1,"8":1,"9":1,"10":1,"11":1,"12":2,"13":1,"14":1,"15":1,"16":0,"17":2,"18":1,"19":1,"20":1,"21":1,"22":0,"23":1,"24":0,"25":2,"26":1,"27":1,"28":1,"29":1,"30":0,"31":1,"32":1,"33":0,"34":2,"35":1,"36":1,"37":1,"38":1,"39":0,"40":1,"41":0,"42":2,"43":3,"44":3,"45":3,"46":3,"47":1,"48":2,"49":4,"50":2,"51":1,"52":2,"53":4,"54":2,"55":1,"56":1,"57":1,"58":1,"59":0,"60":2,"61":3,"62":3,"63":3,"64":3,"65":2,"66":1,"67":1,"68":1,"69":2,"70":1,"71":0,"72":1,"73":1,"74":1,"75":0,"76":2,"77":2,"78":2,"79":2,"80":2,"81":1,"82":1,"83":0,"84":2,"85":4,"86":4,"87":4,"88":4,"89":4,"90":2,"91":4,"92":2,"93":2,"94":4,"95":4,"96":0,"97":2,"98":2,"99":2,"100":2,"101":2,"102":1,"103":1,"104":1,"105":0,"106":2,"107":1,"108":1,"109":1,"110":1,"111":0,"112":1,"113":1,"114":1,"115":0,"116":2},"f":{"0":1,"1":1,"2":2,"3":1,"4":1,"5":1,"6":1,"7":1,"8":1,"9":3,"10":3,"11":4,"12":1,"13":4,"14":3,"15":3,"16":1,"17":2,"18":2,"19":2,"20":4,"21":4,"22":2,"23":2,"24":1,"25":1},"b":{"0":[0],"1":[0],"2":[0],"3":[1],"4":[1],"5":[2],"6":[0],"7":[1],"8":[2],"9":[2],"10":[1],"11":[0],"12":[0,1],"13":[1,1]}}
}
