{"/Users/frederickanderson/Desktop/myProjects/CheerioTravelApp/server/src/destinationindex.ts": {"path":"/Users/frederickanderson/Desktop/myProjects/CheerioTravelApp/server/src/destinationindex.ts","statementMap":{"0":{"start":{"line":2,"column":0},"end":{"line":2,"column":30}},"1":{"start":{"line":3,"column":0},"end":{"line":3,"column":40}},"2":{"start":{"line":4,"column":0},"end":{"line":4,"column":54}},"3":{"start":{"line":5,"column":0},"end":{"line":5,"column":32}},"4":{"start":{"line":8,"column":12},"end":{"line":8,"column":21}},"5":{"start":{"line":9,"column":0},"end":{"line":22,"column":3}},"6":{"start":{"line":13,"column":4},"end":{"line":13,"column":28}},"7":{"start":{"line":14,"column":4},"end":{"line":14,"column":34}},"8":{"start":{"line":15,"column":4},"end":{"line":15,"column":48}},"9":{"start":{"line":17,"column":4},"end":{"line":19,"column":7}},"10":{"start":{"line":18,"column":8},"end":{"line":18,"column":54}},"11":{"start":{"line":21,"column":4},"end":{"line":21,"column":58}},"12":{"start":{"line":24,"column":0},"end":{"line":24,"column":19}}},"fnMap":{"0":{"name":"(anonymous_1)","decl":{"start":{"line":12,"column":15},"end":{"line":12,"column":18}},"loc":{"start":{"line":12,"column":20},"end":{"line":20,"column":1}}},"1":{"name":"(anonymous_2)","decl":{"start":{"line":17,"column":21},"end":{"line":17,"column":24}},"loc":{"start":{"line":17,"column":26},"end":{"line":19,"column":5}}},"2":{"name":"(anonymous_3)","decl":{"start":{"line":20,"column":9},"end":{"line":20,"column":10}},"loc":{"start":{"line":20,"column":19},"end":{"line":22,"column":1}}}},"branchMap":{"0":{"loc":{"start":{"line":9,"column":17},"end":{"line":9,"column":76}},"type":"binary-expr","locations":[{"start":{"line":9,"column":17},"end":{"line":9,"column":40}},{"start":{"line":9,"column":44},"end":{"line":9,"column":76}}]}},"s":{"0":1,"1":1,"2":1,"3":1,"4":1,"5":1,"6":1,"7":1,"8":1,"9":1,"10":1,"11":0,"12":1},"f":{"0":1,"1":1,"2":0},"b":{"0":[1,1]}}
,"/Users/frederickanderson/Desktop/myProjects/CheerioTravelApp/server/src/tripindex.ts": {"path":"/Users/frederickanderson/Desktop/myProjects/CheerioTravelApp/server/src/tripindex.ts","statementMap":{"0":{"start":{"line":2,"column":0},"end":{"line":2,"column":30}},"1":{"start":{"line":3,"column":0},"end":{"line":3,"column":40}},"2":{"start":{"line":4,"column":0},"end":{"line":4,"column":54}},"3":{"start":{"line":5,"column":0},"end":{"line":5,"column":32}},"4":{"start":{"line":8,"column":12},"end":{"line":8,"column":21}},"5":{"start":{"line":9,"column":0},"end":{"line":22,"column":3}},"6":{"start":{"line":13,"column":4},"end":{"line":13,"column":28}},"7":{"start":{"line":14,"column":4},"end":{"line":14,"column":34}},"8":{"start":{"line":15,"column":4},"end":{"line":15,"column":48}},"9":{"start":{"line":17,"column":4},"end":{"line":19,"column":7}},"10":{"start":{"line":18,"column":8},"end":{"line":18,"column":54}},"11":{"start":{"line":21,"column":4},"end":{"line":21,"column":58}},"12":{"start":{"line":24,"column":0},"end":{"line":24,"column":19}}},"fnMap":{"0":{"name":"(anonymous_1)","decl":{"start":{"line":12,"column":15},"end":{"line":12,"column":18}},"loc":{"start":{"line":12,"column":20},"end":{"line":20,"column":1}}},"1":{"name":"(anonymous_2)","decl":{"start":{"line":17,"column":21},"end":{"line":17,"column":24}},"loc":{"start":{"line":17,"column":26},"end":{"line":19,"column":5}}},"2":{"name":"(anonymous_3)","decl":{"start":{"line":20,"column":9},"end":{"line":20,"column":10}},"loc":{"start":{"line":20,"column":19},"end":{"line":22,"column":1}}}},"branchMap":{"0":{"loc":{"start":{"line":9,"column":17},"end":{"line":9,"column":76}},"type":"binary-expr","locations":[{"start":{"line":9,"column":17},"end":{"line":9,"column":40}},{"start":{"line":9,"column":44},"end":{"line":9,"column":76}}]}},"s":{"0":1,"1":1,"2":1,"3":1,"4":1,"5":1,"6":1,"7":1,"8":1,"9":1,"10":1,"11":0,"12":1},"f":{"0":1,"1":1,"2":0},"b":{"0":[1,1]}}
,"/Users/frederickanderson/Desktop/myProjects/CheerioTravelApp/server/src/models/Destination.ts": {"path":"/Users/frederickanderson/Desktop/myProjects/CheerioTravelApp/server/src/models/Destination.ts","statementMap":{"0":{"start":{"line":2,"column":0},"end":{"line":2,"column":54}},"1":{"start":{"line":11,"column":28},"end":{"line":16,"column":4}},"2":{"start":{"line":19,"column":0},"end":{"line":19,"column":78}}},"fnMap":{},"branchMap":{},"s":{"0":2,"1":2,"2":2},"f":{},"b":{}}
,"/Users/frederickanderson/Desktop/myProjects/CheerioTravelApp/server/src/models/Trip.ts": {"path":"/Users/frederickanderson/Desktop/myProjects/CheerioTravelApp/server/src/models/Trip.ts","statementMap":{"0":{"start":{"line":2,"column":0},"end":{"line":2,"column":54}},"1":{"start":{"line":13,"column":19},"end":{"line":20,"column":2}},"2":{"start":{"line":22,"column":0},"end":{"line":22,"column":57}}},"fnMap":{},"branchMap":{},"s":{"0":2,"1":2,"2":2},"f":{},"b":{}}
,"/Users/frederickanderson/Desktop/myProjects/CheerioTravelApp/server/src/routes/destinations.ts": {"path":"/Users/frederickanderson/Desktop/myProjects/CheerioTravelApp/server/src/routes/destinations.ts","statementMap":{"0":{"start":{"line":1,"column":0},"end":{"line":1,"column":30}},"1":{"start":{"line":2,"column":0},"end":{"line":2,"column":49}},"2":{"start":{"line":4,"column":26},"end":{"line":4,"column":42}},"3":{"start":{"line":7,"column":0},"end":{"line":15,"column":3}},"4":{"start":{"line":7,"column":47},"end":{"line":15,"column":2}},"5":{"start":{"line":8,"column":2},"end":{"line":14,"column":3}},"6":{"start":{"line":9,"column":24},"end":{"line":9,"column":49}},"7":{"start":{"line":10,"column":4},"end":{"line":10,"column":29}},"8":{"start":{"line":11,"column":4},"end":{"line":11,"column":38}},"9":{"start":{"line":13,"column":4},"end":{"line":13,"column":77}},"10":{"start":{"line":18,"column":0},"end":{"line":25,"column":3}},"11":{"start":{"line":18,"column":46},"end":{"line":25,"column":2}},"12":{"start":{"line":19,"column":2},"end":{"line":24,"column":3}},"13":{"start":{"line":20,"column":25},"end":{"line":20,"column":49}},"14":{"start":{"line":21,"column":4},"end":{"line":21,"column":39}},"15":{"start":{"line":23,"column":4},"end":{"line":23,"column":77}},"16":{"start":{"line":28,"column":0},"end":{"line":38,"column":3}},"17":{"start":{"line":28,"column":49},"end":{"line":38,"column":2}},"18":{"start":{"line":29,"column":2},"end":{"line":37,"column":3}},"19":{"start":{"line":30,"column":24},"end":{"line":30,"column":65}},"20":{"start":{"line":31,"column":4},"end":{"line":33,"column":5}},"21":{"start":{"line":32,"column":6},"end":{"line":32,"column":72}},"22":{"start":{"line":34,"column":4},"end":{"line":34,"column":38}},"23":{"start":{"line":36,"column":6},"end":{"line":36,"column":78}},"24":{"start":{"line":41,"column":0},"end":{"line":54,"column":3}},"25":{"start":{"line":41,"column":49},"end":{"line":54,"column":2}},"26":{"start":{"line":42,"column":4},"end":{"line":53,"column":5}},"27":{"start":{"line":44,"column":32},"end":{"line":44,"column":80}},"28":{"start":{"line":45,"column":6},"end":{"line":47,"column":7}},"29":{"start":{"line":46,"column":8},"end":{"line":46,"column":74}},"30":{"start":{"line":49,"column":26},"end":{"line":49,"column":101}},"31":{"start":{"line":50,"column":6},"end":{"line":50,"column":40}},"32":{"start":{"line":52,"column":6},"end":{"line":52,"column":79}},"33":{"start":{"line":58,"column":0},"end":{"line":68,"column":5}},"34":{"start":{"line":58,"column":52},"end":{"line":68,"column":4}},"35":{"start":{"line":59,"column":4},"end":{"line":67,"column":5}},"36":{"start":{"line":60,"column":26},"end":{"line":60,"column":76}},"37":{"start":{"line":61,"column":6},"end":{"line":63,"column":7}},"38":{"start":{"line":62,"column":8},"end":{"line":62,"column":74}},"39":{"start":{"line":64,"column":6},"end":{"line":64,"column":40}},"40":{"start":{"line":66,"column":6},"end":{"line":66,"column":79}},"41":{"start":{"line":71,"column":0},"end":{"line":86,"column":3}},"42":{"start":{"line":71,"column":58},"end":{"line":86,"column":2}},"43":{"start":{"line":72,"column":2},"end":{"line":85,"column":3}},"44":{"start":{"line":73,"column":21},"end":{"line":73,"column":31}},"45":{"start":{"line":74,"column":18},"end":{"line":74,"column":39}},"46":{"start":{"line":76,"column":25},"end":{"line":76,"column":64}},"47":{"start":{"line":78,"column":4},"end":{"line":80,"column":5}},"48":{"start":{"line":79,"column":6},"end":{"line":79,"column":87}},"49":{"start":{"line":82,"column":4},"end":{"line":82,"column":39}},"50":{"start":{"line":84,"column":4},"end":{"line":84,"column":86}},"51":{"start":{"line":89,"column":0},"end":{"line":89,"column":33}}},"fnMap":{"0":{"name":"(anonymous_8)","decl":{"start":{"line":7,"column":28},"end":{"line":7,"column":35}},"loc":{"start":{"line":7,"column":47},"end":{"line":15,"column":2}}},"1":{"name":"(anonymous_9)","decl":{"start":{"line":7,"column":47},"end":{"line":7,"column":null}},"loc":{"start":{"line":7,"column":47},"end":{"line":15,"column":1}}},"2":{"name":"(anonymous_10)","decl":{"start":{"line":18,"column":27},"end":{"line":18,"column":34}},"loc":{"start":{"line":18,"column":46},"end":{"line":25,"column":2}}},"3":{"name":"(anonymous_11)","decl":{"start":{"line":18,"column":46},"end":{"line":18,"column":null}},"loc":{"start":{"line":18,"column":46},"end":{"line":25,"column":1}}},"4":{"name":"(anonymous_12)","decl":{"start":{"line":28,"column":30},"end":{"line":28,"column":37}},"loc":{"start":{"line":28,"column":49},"end":{"line":38,"column":2}}},"5":{"name":"(anonymous_13)","decl":{"start":{"line":28,"column":49},"end":{"line":28,"column":null}},"loc":{"start":{"line":28,"column":49},"end":{"line":38,"column":1}}},"6":{"name":"(anonymous_14)","decl":{"start":{"line":41,"column":30},"end":{"line":41,"column":37}},"loc":{"start":{"line":41,"column":49},"end":{"line":54,"column":2}}},"7":{"name":"(anonymous_15)","decl":{"start":{"line":41,"column":49},"end":{"line":41,"column":null}},"loc":{"start":{"line":41,"column":49},"end":{"line":54,"column":1}}},"8":{"name":"(anonymous_16)","decl":{"start":{"line":58,"column":33},"end":{"line":58,"column":40}},"loc":{"start":{"line":58,"column":52},"end":{"line":68,"column":4}}},"9":{"name":"(anonymous_17)","decl":{"start":{"line":58,"column":52},"end":{"line":58,"column":null}},"loc":{"start":{"line":58,"column":52},"end":{"line":68,"column":3}}},"10":{"name":"(anonymous_18)","decl":{"start":{"line":71,"column":39},"end":{"line":71,"column":46}},"loc":{"start":{"line":71,"column":58},"end":{"line":86,"column":2}}},"11":{"name":"(anonymous_19)","decl":{"start":{"line":71,"column":58},"end":{"line":71,"column":null}},"loc":{"start":{"line":71,"column":58},"end":{"line":86,"column":1}}}},"branchMap":{"0":{"loc":{"start":{"line":31,"column":4},"end":{"line":33,"column":5}},"type":"if","locations":[{"start":{"line":31,"column":4},"end":{"line":33,"column":5}}]},"1":{"loc":{"start":{"line":45,"column":6},"end":{"line":47,"column":7}},"type":"if","locations":[{"start":{"line":45,"column":6},"end":{"line":47,"column":7}}]},"2":{"loc":{"start":{"line":61,"column":6},"end":{"line":63,"column":7}},"type":"if","locations":[{"start":{"line":61,"column":6},"end":{"line":63,"column":7}}]},"3":{"loc":{"start":{"line":78,"column":4},"end":{"line":80,"column":5}},"type":"if","locations":[{"start":{"line":78,"column":4},"end":{"line":80,"column":5}}]}},"s":{"0":2,"1":2,"2":2,"3":2,"4":2,"5":2,"6":2,"7":2,"8":1,"9":1,"10":2,"11":1,"12":1,"13":1,"14":1,"15":0,"16":2,"17":1,"18":1,"19":1,"20":1,"21":0,"22":1,"23":0,"24":2,"25":2,"26":2,"27":2,"28":2,"29":1,"30":1,"31":1,"32":0,"33":2,"34":2,"35":2,"36":2,"37":2,"38":1,"39":1,"40":0,"41":2,"42":3,"43":3,"44":3,"45":3,"46":3,"47":2,"48":1,"49":1,"50":1,"51":2},"f":{"0":2,"1":2,"2":1,"3":1,"4":1,"5":1,"6":2,"7":2,"8":2,"9":2,"10":3,"11":3},"b":{"0":[0],"1":[1],"2":[1],"3":[1]}}
,"/Users/frederickanderson/Desktop/myProjects/CheerioTravelApp/server/src/routes/trips.ts": {"path":"/Users/frederickanderson/Desktop/myProjects/CheerioTravelApp/server/src/routes/trips.ts","statementMap":{"0":{"start":{"line":1,"column":0},"end":{"line":1,"column":30}},"1":{"start":{"line":2,"column":0},"end":{"line":2,"column":36}},"2":{"start":{"line":3,"column":0},"end":{"line":3,"column":49}},"3":{"start":{"line":4,"column":0},"end":{"line":4,"column":32}},"4":{"start":{"line":6,"column":19},"end":{"line":6,"column":35}},"5":{"start":{"line":9,"column":0},"end":{"line":24,"column":5}},"6":{"start":{"line":9,"column":40},"end":{"line":24,"column":4}},"7":{"start":{"line":10,"column":4},"end":{"line":23,"column":5}},"8":{"start":{"line":11,"column":44},"end":{"line":11,"column":52}},"9":{"start":{"line":11,"column":26},"end":{"line":11,"column":31}},"10":{"start":{"line":11,"column":39},"end":{"line":11,"column":44}},"11":{"start":{"line":12,"column":35},"end":{"line":12,"column":100}},"12":{"start":{"line":12,"column":68},"end":{"line":12,"column":99}},"13":{"start":{"line":14,"column":19},"end":{"line":16,"column":null}},"14":{"start":{"line":19,"column":6},"end":{"line":19,"column":24}},"15":{"start":{"line":20,"column":6},"end":{"line":20,"column":33}},"16":{"start":{"line":22,"column":6},"end":{"line":22,"column":72}},"17":{"start":{"line":27,"column":0},"end":{"line":37,"column":3}},"18":{"start":{"line":27,"column":45},"end":{"line":37,"column":2}},"19":{"start":{"line":28,"column":2},"end":{"line":36,"column":3}},"20":{"start":{"line":29,"column":17},"end":{"line":29,"column":60}},"21":{"start":{"line":30,"column":4},"end":{"line":32,"column":5}},"22":{"start":{"line":31,"column":6},"end":{"line":31,"column":65}},"23":{"start":{"line":33,"column":4},"end":{"line":33,"column":29}},"24":{"start":{"line":35,"column":4},"end":{"line":35,"column":70}},"25":{"start":{"line":40,"column":0},"end":{"line":52,"column":3}},"26":{"start":{"line":40,"column":42},"end":{"line":52,"column":2}},"27":{"start":{"line":41,"column":2},"end":{"line":51,"column":3}},"28":{"start":{"line":42,"column":23},"end":{"line":42,"column":64}},"29":{"start":{"line":43,"column":4},"end":{"line":45,"column":5}},"30":{"start":{"line":44,"column":6},"end":{"line":44,"column":65}},"31":{"start":{"line":47,"column":17},"end":{"line":47,"column":85}},"32":{"start":{"line":48,"column":4},"end":{"line":48,"column":31}},"33":{"start":{"line":50,"column":4},"end":{"line":50,"column":70}},"34":{"start":{"line":56,"column":0},"end":{"line":67,"column":3}},"35":{"start":{"line":56,"column":55},"end":{"line":67,"column":2}},"36":{"start":{"line":57,"column":2},"end":{"line":66,"column":3}},"37":{"start":{"line":58,"column":17},"end":{"line":58,"column":51}},"38":{"start":{"line":59,"column":4},"end":{"line":61,"column":5}},"39":{"start":{"line":60,"column":6},"end":{"line":60,"column":65}},"40":{"start":{"line":63,"column":4},"end":{"line":63,"column":44}},"41":{"start":{"line":65,"column":4},"end":{"line":65,"column":77}},"42":{"start":{"line":70,"column":0},"end":{"line":85,"column":3}},"43":{"start":{"line":70,"column":58},"end":{"line":85,"column":2}},"44":{"start":{"line":71,"column":2},"end":{"line":84,"column":3}},"45":{"start":{"line":72,"column":17},"end":{"line":72,"column":51}},"46":{"start":{"line":73,"column":4},"end":{"line":75,"column":5}},"47":{"start":{"line":74,"column":6},"end":{"line":74,"column":65}},"48":{"start":{"line":77,"column":25},"end":{"line":77,"column":99}},"49":{"start":{"line":77,"column":67},"end":{"line":77,"column":98}},"50":{"start":{"line":78,"column":4},"end":{"line":78,"column":44}},"51":{"start":{"line":79,"column":4},"end":{"line":79,"column":22}},"52":{"start":{"line":81,"column":4},"end":{"line":81,"column":31}},"53":{"start":{"line":83,"column":4},"end":{"line":83,"column":83}},"54":{"start":{"line":88,"column":0},"end":{"line":103,"column":5}},"55":{"start":{"line":88,"column":61},"end":{"line":103,"column":4}},"56":{"start":{"line":89,"column":4},"end":{"line":102,"column":5}},"57":{"start":{"line":90,"column":19},"end":{"line":90,"column":53}},"58":{"start":{"line":91,"column":6},"end":{"line":93,"column":7}},"59":{"start":{"line":92,"column":8},"end":{"line":92,"column":67}},"60":{"start":{"line":95,"column":35},"end":{"line":95,"column":80}},"61":{"start":{"line":95,"column":77},"end":{"line":95,"column":79}},"62":{"start":{"line":96,"column":6},"end":{"line":96,"column":108}},"63":{"start":{"line":96,"column":59},"end":{"line":96,"column":106}},"64":{"start":{"line":97,"column":6},"end":{"line":97,"column":24}},"65":{"start":{"line":99,"column":6},"end":{"line":99,"column":33}},"66":{"start":{"line":101,"column":6},"end":{"line":101,"column":90}},"67":{"start":{"line":106,"column":0},"end":{"line":116,"column":3}},"68":{"start":{"line":106,"column":42},"end":{"line":116,"column":2}},"69":{"start":{"line":107,"column":2},"end":{"line":115,"column":3}},"70":{"start":{"line":108,"column":17},"end":{"line":108,"column":51}},"71":{"start":{"line":109,"column":4},"end":{"line":111,"column":5}},"72":{"start":{"line":110,"column":6},"end":{"line":110,"column":65}},"73":{"start":{"line":112,"column":4},"end":{"line":112,"column":31}},"74":{"start":{"line":114,"column":4},"end":{"line":114,"column":69}},"75":{"start":{"line":119,"column":0},"end":{"line":139,"column":3}},"76":{"start":{"line":119,"column":39},"end":{"line":139,"column":2}},"77":{"start":{"line":120,"column":2},"end":{"line":138,"column":3}},"78":{"start":{"line":121,"column":27},"end":{"line":121,"column":36}},"79":{"start":{"line":123,"column":23},"end":{"line":123,"column":25}},"80":{"start":{"line":125,"column":4},"end":{"line":127,"column":5}},"81":{"start":{"line":126,"column":6},"end":{"line":126,"column":63}},"82":{"start":{"line":129,"column":4},"end":{"line":132,"column":5}},"83":{"start":{"line":130,"column":25},"end":{"line":130,"column":49}},"84":{"start":{"line":131,"column":6},"end":{"line":131,"column":null}},"85":{"start":{"line":134,"column":18},"end":{"line":134,"column":40}},"86":{"start":{"line":135,"column":4},"end":{"line":135,"column":32}},"87":{"start":{"line":137,"column":4},"end":{"line":137,"column":70}},"88":{"start":{"line":142,"column":0},"end":{"line":155,"column":5}},"89":{"start":{"line":142,"column":56},"end":{"line":155,"column":4}},"90":{"start":{"line":143,"column":4},"end":{"line":154,"column":5}},"91":{"start":{"line":145,"column":32},"end":{"line":145,"column":80}},"92":{"start":{"line":146,"column":6},"end":{"line":148,"column":7}},"93":{"start":{"line":147,"column":8},"end":{"line":147,"column":74}},"94":{"start":{"line":150,"column":20},"end":{"line":150,"column":68}},"95":{"start":{"line":151,"column":6},"end":{"line":151,"column":34}},"96":{"start":{"line":153,"column":6},"end":{"line":153,"column":87}},"97":{"start":{"line":158,"column":0},"end":{"line":172,"column":3}},"98":{"start":{"line":158,"column":58},"end":{"line":172,"column":2}},"99":{"start":{"line":159,"column":2},"end":{"line":171,"column":3}},"100":{"start":{"line":160,"column":17},"end":{"line":160,"column":51}},"101":{"start":{"line":161,"column":4},"end":{"line":163,"column":5}},"102":{"start":{"line":162,"column":6},"end":{"line":162,"column":65}},"103":{"start":{"line":165,"column":4},"end":{"line":165,"column":54}},"104":{"start":{"line":166,"column":4},"end":{"line":166,"column":22}},"105":{"start":{"line":168,"column":4},"end":{"line":168,"column":31}},"106":{"start":{"line":170,"column":4},"end":{"line":170,"column":83}},"107":{"start":{"line":174,"column":0},"end":{"line":174,"column":26}}},"fnMap":{"0":{"name":"(anonymous_9)","decl":{"start":{"line":9,"column":21},"end":{"line":9,"column":28}},"loc":{"start":{"line":9,"column":40},"end":{"line":24,"column":4}}},"1":{"name":"(anonymous_10)","decl":{"start":{"line":9,"column":40},"end":{"line":9,"column":null}},"loc":{"start":{"line":9,"column":40},"end":{"line":24,"column":3}}},"2":{"name":"(anonymous_11)","decl":{"start":{"line":12,"column":52},"end":{"line":12,"column":53}},"loc":{"start":{"line":12,"column":68},"end":{"line":12,"column":99}}},"3":{"name":"(anonymous_12)","decl":{"start":{"line":27,"column":26},"end":{"line":27,"column":33}},"loc":{"start":{"line":27,"column":45},"end":{"line":37,"column":2}}},"4":{"name":"(anonymous_13)","decl":{"start":{"line":27,"column":45},"end":{"line":27,"column":null}},"loc":{"start":{"line":27,"column":45},"end":{"line":37,"column":1}}},"5":{"name":"(anonymous_14)","decl":{"start":{"line":40,"column":23},"end":{"line":40,"column":30}},"loc":{"start":{"line":40,"column":42},"end":{"line":52,"column":2}}},"6":{"name":"(anonymous_15)","decl":{"start":{"line":40,"column":42},"end":{"line":40,"column":null}},"loc":{"start":{"line":40,"column":42},"end":{"line":52,"column":1}}},"7":{"name":"(anonymous_16)","decl":{"start":{"line":56,"column":36},"end":{"line":56,"column":43}},"loc":{"start":{"line":56,"column":55},"end":{"line":67,"column":2}}},"8":{"name":"(anonymous_17)","decl":{"start":{"line":56,"column":55},"end":{"line":56,"column":null}},"loc":{"start":{"line":56,"column":55},"end":{"line":67,"column":1}}},"9":{"name":"(anonymous_18)","decl":{"start":{"line":70,"column":39},"end":{"line":70,"column":46}},"loc":{"start":{"line":70,"column":58},"end":{"line":85,"column":2}}},"10":{"name":"(anonymous_19)","decl":{"start":{"line":70,"column":58},"end":{"line":70,"column":null}},"loc":{"start":{"line":70,"column":58},"end":{"line":85,"column":1}}},"11":{"name":"(anonymous_20)","decl":{"start":{"line":77,"column":51},"end":{"line":77,"column":52}},"loc":{"start":{"line":77,"column":67},"end":{"line":77,"column":98}}},"12":{"name":"(anonymous_21)","decl":{"start":{"line":88,"column":42},"end":{"line":88,"column":49}},"loc":{"start":{"line":88,"column":61},"end":{"line":103,"column":4}}},"13":{"name":"(anonymous_22)","decl":{"start":{"line":88,"column":61},"end":{"line":88,"column":null}},"loc":{"start":{"line":88,"column":61},"end":{"line":103,"column":3}}},"14":{"name":"(anonymous_23)","decl":{"start":{"line":95,"column":61},"end":{"line":95,"column":62}},"loc":{"start":{"line":95,"column":77},"end":{"line":95,"column":79}}},"15":{"name":"(anonymous_24)","decl":{"start":{"line":96,"column":51},"end":{"line":96,"column":55}},"loc":{"start":{"line":96,"column":59},"end":{"line":96,"column":106}}},"16":{"name":"(anonymous_25)","decl":{"start":{"line":106,"column":23},"end":{"line":106,"column":30}},"loc":{"start":{"line":106,"column":42},"end":{"line":116,"column":2}}},"17":{"name":"(anonymous_26)","decl":{"start":{"line":106,"column":42},"end":{"line":106,"column":null}},"loc":{"start":{"line":106,"column":42},"end":{"line":116,"column":1}}},"18":{"name":"(anonymous_27)","decl":{"start":{"line":119,"column":20},"end":{"line":119,"column":27}},"loc":{"start":{"line":119,"column":39},"end":{"line":139,"column":2}}},"19":{"name":"(anonymous_28)","decl":{"start":{"line":119,"column":39},"end":{"line":119,"column":null}},"loc":{"start":{"line":119,"column":39},"end":{"line":139,"column":1}}},"20":{"name":"(anonymous_29)","decl":{"start":{"line":142,"column":37},"end":{"line":142,"column":44}},"loc":{"start":{"line":142,"column":56},"end":{"line":155,"column":4}}},"21":{"name":"(anonymous_30)","decl":{"start":{"line":142,"column":56},"end":{"line":142,"column":null}},"loc":{"start":{"line":142,"column":56},"end":{"line":155,"column":3}}},"22":{"name":"(anonymous_31)","decl":{"start":{"line":158,"column":39},"end":{"line":158,"column":46}},"loc":{"start":{"line":158,"column":58},"end":{"line":172,"column":2}}},"23":{"name":"(anonymous_32)","decl":{"start":{"line":158,"column":58},"end":{"line":158,"column":null}},"loc":{"start":{"line":158,"column":58},"end":{"line":172,"column":1}}}},"branchMap":{"0":{"loc":{"start":{"line":30,"column":4},"end":{"line":32,"column":5}},"type":"if","locations":[{"start":{"line":30,"column":4},"end":{"line":32,"column":5}}]},"1":{"loc":{"start":{"line":43,"column":4},"end":{"line":45,"column":5}},"type":"if","locations":[{"start":{"line":43,"column":4},"end":{"line":45,"column":5}}]},"2":{"loc":{"start":{"line":59,"column":4},"end":{"line":61,"column":5}},"type":"if","locations":[{"start":{"line":59,"column":4},"end":{"line":61,"column":5}}]},"3":{"loc":{"start":{"line":73,"column":4},"end":{"line":75,"column":5}},"type":"if","locations":[{"start":{"line":73,"column":4},"end":{"line":75,"column":5}}]},"4":{"loc":{"start":{"line":91,"column":6},"end":{"line":93,"column":7}},"type":"if","locations":[{"start":{"line":91,"column":6},"end":{"line":93,"column":7}}]},"5":{"loc":{"start":{"line":109,"column":4},"end":{"line":111,"column":5}},"type":"if","locations":[{"start":{"line":109,"column":4},"end":{"line":111,"column":5}}]},"6":{"loc":{"start":{"line":125,"column":4},"end":{"line":127,"column":5}},"type":"if","locations":[{"start":{"line":125,"column":4},"end":{"line":127,"column":5}}]},"7":{"loc":{"start":{"line":129,"column":4},"end":{"line":132,"column":5}},"type":"if","locations":[{"start":{"line":129,"column":4},"end":{"line":132,"column":5}}]},"8":{"loc":{"start":{"line":146,"column":6},"end":{"line":148,"column":7}},"type":"if","locations":[{"start":{"line":146,"column":6},"end":{"line":148,"column":7}}]},"9":{"loc":{"start":{"line":161,"column":4},"end":{"line":163,"column":5}},"type":"if","locations":[{"start":{"line":161,"column":4},"end":{"line":163,"column":5}}]},"10":{"loc":{"start":{"line":165,"column":4},"end":{"line":165,"column":53}},"type":"cond-expr","locations":[{"start":{"line":165,"column":21},"end":{"line":165,"column":23}},{"start":{"line":165,"column":21},"end":{"line":165,"column":53}}]},"11":{"loc":{"start":{"line":165,"column":4},"end":{"line":165,"column":23}},"type":"binary-expr","locations":[{"start":{"line":165,"column":4},"end":{"line":165,"column":23}},{"start":{"line":165,"column":21},"end":{"line":165,"column":23}}]}},"s":{"0":2,"1":2,"2":2,"3":2,"4":2,"5":2,"6":1,"7":1,"8":1,"9":1,"10":1,"11":1,"12":2,"13":1,"14":1,"15":1,"16":0,"17":2,"18":1,"19":1,"20":1,"21":1,"22":0,"23":1,"24":0,"25":2,"26":1,"27":1,"28":1,"29":1,"30":0,"31":1,"32":1,"33":0,"34":2,"35":1,"36":1,"37":1,"38":1,"39":0,"40":1,"41":0,"42":2,"43":2,"44":2,"45":2,"46":2,"47":1,"48":1,"49":2,"50":1,"51":1,"52":1,"53":0,"54":2,"55":2,"56":2,"57":2,"58":2,"59":1,"60":1,"61":1,"62":1,"63":2,"64":1,"65":1,"66":0,"67":2,"68":2,"69":2,"70":2,"71":2,"72":1,"73":1,"74":0,"75":2,"76":4,"77":4,"78":4,"79":4,"80":4,"81":2,"82":4,"83":2,"84":2,"85":4,"86":4,"87":0,"88":2,"89":2,"90":2,"91":2,"92":2,"93":1,"94":1,"95":1,"96":0,"97":2,"98":1,"99":1,"100":1,"101":1,"102":0,"103":1,"104":1,"105":1,"106":0,"107":2},"f":{"0":1,"1":1,"2":2,"3":1,"4":1,"5":1,"6":1,"7":1,"8":1,"9":2,"10":2,"11":2,"12":2,"13":2,"14":1,"15":2,"16":2,"17":2,"18":4,"19":4,"20":2,"21":2,"22":1,"23":1},"b":{"0":[0],"1":[0],"2":[0],"3":[1],"4":[1],"5":[1],"6":[2],"7":[2],"8":[1],"9":[0],"10":[0,1],"11":[1,1]}}
}
