TN:
SF:src/destinationindex.ts
FN:12,(anonymous_1)
FN:17,(anonymous_2)
FN:20,(anonymous_3)
FNF:3
FNH:2
FNDA:1,(anonymous_1)
FNDA:1,(anonymous_2)
FNDA:0,(anonymous_3)
DA:2,1
DA:3,1
DA:4,1
DA:5,1
DA:8,1
DA:9,1
DA:13,1
DA:14,1
DA:15,1
DA:17,1
DA:18,1
DA:21,0
DA:24,1
LF:13
LH:12
BRDA:9,0,0,1
BRDA:9,0,1,1
BRF:2
BRH:2
end_of_record
TN:
SF:src/tripindex.ts
FN:12,(anonymous_1)
FN:17,(anonymous_2)
FN:20,(anonymous_3)
FNF:3
FNH:2
FNDA:1,(anonymous_1)
FNDA:1,(anonymous_2)
FNDA:0,(anonymous_3)
DA:2,1
DA:3,1
DA:4,1
DA:5,1
DA:8,1
DA:9,1
DA:13,1
DA:14,1
DA:15,1
DA:17,1
DA:18,1
DA:21,0
DA:24,1
LF:13
LH:12
BRDA:9,0,0,1
BRDA:9,0,1,1
BRF:2
BRH:2
end_of_record
TN:
SF:src/models/Destination.ts
FNF:0
FNH:0
DA:2,2
DA:11,2
DA:19,2
LF:3
LH:3
BRF:0
BRH:0
end_of_record
TN:
SF:src/models/Trip.ts
FNF:0
FNH:0
DA:2,2
DA:13,2
DA:22,2
LF:3
LH:3
BRF:0
BRH:0
end_of_record
TN:
SF:src/routes/destinations.ts
FN:7,(anonymous_8)
FN:7,(anonymous_9)
FN:18,(anonymous_10)
FN:18,(anonymous_11)
FN:28,(anonymous_12)
FN:28,(anonymous_13)
FN:41,(anonymous_14)
FN:41,(anonymous_15)
FN:58,(anonymous_16)
FN:58,(anonymous_17)
FN:71,(anonymous_18)
FN:71,(anonymous_19)
FNF:12
FNH:12
FNDA:2,(anonymous_8)
FNDA:2,(anonymous_9)
FNDA:1,(anonymous_10)
FNDA:1,(anonymous_11)
FNDA:1,(anonymous_12)
FNDA:1,(anonymous_13)
FNDA:2,(anonymous_14)
FNDA:2,(anonymous_15)
FNDA:2,(anonymous_16)
FNDA:2,(anonymous_17)
FNDA:3,(anonymous_18)
FNDA:3,(anonymous_19)
DA:1,2
DA:2,2
DA:4,2
DA:7,2
DA:8,2
DA:9,2
DA:10,2
DA:11,1
DA:13,1
DA:18,2
DA:19,1
DA:20,1
DA:21,1
DA:23,0
DA:28,2
DA:29,1
DA:30,1
DA:31,1
DA:32,0
DA:34,1
DA:36,0
DA:41,2
DA:42,2
DA:44,2
DA:45,2
DA:46,1
DA:49,1
DA:50,1
DA:52,0
DA:58,2
DA:59,2
DA:60,2
DA:61,2
DA:62,1
DA:64,1
DA:66,0
DA:71,3
DA:72,3
DA:73,3
DA:74,3
DA:76,3
DA:78,2
DA:79,1
DA:82,1
DA:84,1
DA:89,2
LF:46
LH:41
BRDA:31,0,0,0
BRDA:45,1,0,1
BRDA:61,2,0,1
BRDA:78,3,0,1
BRF:4
BRH:3
end_of_record
TN:
SF:src/routes/trips.ts
FN:9,(anonymous_9)
FN:9,(anonymous_10)
FN:12,(anonymous_11)
FN:27,(anonymous_12)
FN:27,(anonymous_13)
FN:40,(anonymous_14)
FN:40,(anonymous_15)
FN:56,(anonymous_16)
FN:56,(anonymous_17)
FN:70,(anonymous_18)
FN:70,(anonymous_19)
FN:77,(anonymous_20)
FN:78,(anonymous_21)
FN:80,(anonymous_22)
FN:95,(anonymous_23)
FN:95,(anonymous_24)
FN:102,(anonymous_25)
FN:103,(anonymous_26)
FN:121,(anonymous_27)
FN:121,(anonymous_28)
FN:134,(anonymous_29)
FN:134,(anonymous_30)
FN:157,(anonymous_31)
FN:157,(anonymous_32)
FN:173,(anonymous_33)
FN:173,(anonymous_34)
FNF:26
FNH:26
FNDA:1,(anonymous_9)
FNDA:1,(anonymous_10)
FNDA:2,(anonymous_11)
FNDA:1,(anonymous_12)
FNDA:1,(anonymous_13)
FNDA:1,(anonymous_14)
FNDA:1,(anonymous_15)
FNDA:1,(anonymous_16)
FNDA:1,(anonymous_17)
FNDA:3,(anonymous_18)
FNDA:3,(anonymous_19)
FNDA:4,(anonymous_20)
FNDA:1,(anonymous_21)
FNDA:4,(anonymous_22)
FNDA:3,(anonymous_23)
FNDA:3,(anonymous_24)
FNDA:1,(anonymous_25)
FNDA:2,(anonymous_26)
FNDA:2,(anonymous_27)
FNDA:2,(anonymous_28)
FNDA:4,(anonymous_29)
FNDA:4,(anonymous_30)
FNDA:2,(anonymous_31)
FNDA:2,(anonymous_32)
FNDA:1,(anonymous_33)
FNDA:1,(anonymous_34)
DA:1,2
DA:2,2
DA:3,2
DA:4,2
DA:6,2
DA:9,2
DA:10,1
DA:11,1
DA:12,2
DA:14,1
DA:19,1
DA:20,1
DA:22,0
DA:27,2
DA:28,1
DA:29,1
DA:30,1
DA:31,0
DA:33,1
DA:35,0
DA:40,2
DA:41,1
DA:42,1
DA:43,1
DA:44,0
DA:47,1
DA:48,1
DA:50,0
DA:56,2
DA:57,1
DA:58,1
DA:59,1
DA:60,0
DA:63,1
DA:65,0
DA:70,3
DA:71,3
DA:72,3
DA:73,3
DA:74,1
DA:77,4
DA:78,2
DA:80,4
DA:82,2
DA:83,1
DA:86,1
DA:87,1
DA:89,1
DA:91,0
DA:95,3
DA:96,3
DA:97,3
DA:98,3
DA:99,2
DA:102,1
DA:103,2
DA:106,1
DA:107,0
DA:110,1
DA:111,1
DA:113,1
DA:115,0
DA:121,2
DA:122,2
DA:123,2
DA:124,2
DA:125,1
DA:127,1
DA:129,0
DA:134,4
DA:135,4
DA:136,4
DA:138,4
DA:140,4
DA:141,2
DA:144,4
DA:145,2
DA:146,2
DA:149,4
DA:150,4
DA:152,0
DA:157,2
DA:158,2
DA:160,2
DA:161,2
DA:162,1
DA:165,1
DA:166,1
DA:168,0
DA:173,2
DA:174,1
DA:175,1
DA:176,1
DA:177,0
DA:180,1
DA:181,1
DA:183,1
DA:185,0
DA:189,2
LF:99
LH:84
BRDA:30,0,0,0
BRDA:43,1,0,0
BRDA:59,2,0,0
BRDA:73,3,0,1
BRDA:82,4,0,1
BRDA:98,5,0,2
BRDA:106,6,0,0
BRDA:124,7,0,1
BRDA:140,8,0,2
BRDA:144,9,0,2
BRDA:161,10,0,1
BRDA:176,11,0,0
BRDA:180,12,0,0
BRDA:180,12,1,1
BRDA:180,13,0,1
BRDA:180,13,1,1
BRF:16
BRH:10
end_of_record
