TN:
SF:src/testindex.ts
FN:12,(anonymous_1)
FN:17,(anonymous_2)
FN:20,(anonymous_3)
FNF:3
FNH:2
FNDA:2,(anonymous_1)
FNDA:1,(anonymous_2)
FNDA:0,(anonymous_3)
DA:2,2
DA:3,2
DA:4,2
DA:5,2
DA:8,2
DA:9,2
DA:13,2
DA:14,2
DA:15,2
DA:17,2
DA:18,1
DA:21,0
DA:24,2
LF:13
LH:12
BRDA:9,0,0,2
BRDA:9,0,1,2
BRF:2
BRH:2
end_of_record
TN:
SF:src/models/Destination.ts
FNF:0
FNH:0
DA:2,2
DA:11,2
DA:19,2
LF:3
LH:3
BRF:0
BRH:0
end_of_record
TN:
SF:src/models/Trip.ts
FNF:0
FNH:0
DA:2,2
DA:13,2
DA:22,2
LF:3
LH:3
BRF:0
BRH:0
end_of_record
TN:
SF:src/routes/destinations.ts
FN:7,(anonymous_8)
FN:7,(anonymous_9)
FN:18,(anonymous_10)
FN:18,(anonymous_11)
FN:28,(anonymous_12)
FN:28,(anonymous_13)
FN:41,(anonymous_14)
FN:41,(anonymous_15)
FN:58,(anonymous_16)
FN:58,(anonymous_17)
FN:71,(anonymous_18)
FN:71,(anonymous_19)
FNF:12
FNH:12
FNDA:2,(anonymous_8)
FNDA:2,(anonymous_9)
FNDA:1,(anonymous_10)
FNDA:1,(anonymous_11)
FNDA:1,(anonymous_12)
FNDA:1,(anonymous_13)
FNDA:2,(anonymous_14)
FNDA:2,(anonymous_15)
FNDA:2,(anonymous_16)
FNDA:2,(anonymous_17)
FNDA:3,(anonymous_18)
FNDA:3,(anonymous_19)
DA:1,2
DA:2,2
DA:4,2
DA:7,2
DA:8,2
DA:9,2
DA:10,2
DA:11,1
DA:13,1
DA:18,2
DA:19,1
DA:20,1
DA:21,1
DA:23,0
DA:28,2
DA:29,1
DA:30,1
DA:31,1
DA:32,0
DA:34,1
DA:36,0
DA:41,2
DA:42,2
DA:44,2
DA:45,2
DA:46,1
DA:49,1
DA:50,1
DA:52,0
DA:58,2
DA:59,2
DA:60,2
DA:61,2
DA:62,1
DA:64,1
DA:66,0
DA:71,3
DA:72,3
DA:73,3
DA:74,3
DA:76,3
DA:78,2
DA:79,1
DA:82,1
DA:84,1
DA:89,2
LF:46
LH:41
BRDA:31,0,0,0
BRDA:45,1,0,1
BRDA:61,2,0,1
BRDA:78,3,0,1
BRF:4
BRH:3
end_of_record
TN:
SF:src/routes/trips.ts
FN:9,(anonymous_9)
FN:9,(anonymous_10)
FN:12,(anonymous_11)
FN:27,(anonymous_12)
FN:27,(anonymous_13)
FN:40,(anonymous_14)
FN:40,(anonymous_15)
FN:56,(anonymous_16)
FN:56,(anonymous_17)
FN:70,(anonymous_18)
FN:70,(anonymous_19)
FN:77,(anonymous_20)
FN:88,(anonymous_21)
FN:88,(anonymous_22)
FN:95,(anonymous_23)
FN:96,(anonymous_24)
FN:106,(anonymous_25)
FN:106,(anonymous_26)
FN:119,(anonymous_27)
FN:119,(anonymous_28)
FN:142,(anonymous_29)
FN:142,(anonymous_30)
FN:158,(anonymous_31)
FN:158,(anonymous_32)
FNF:24
FNH:24
FNDA:1,(anonymous_9)
FNDA:1,(anonymous_10)
FNDA:2,(anonymous_11)
FNDA:1,(anonymous_12)
FNDA:1,(anonymous_13)
FNDA:1,(anonymous_14)
FNDA:1,(anonymous_15)
FNDA:1,(anonymous_16)
FNDA:1,(anonymous_17)
FNDA:2,(anonymous_18)
FNDA:2,(anonymous_19)
FNDA:2,(anonymous_20)
FNDA:2,(anonymous_21)
FNDA:2,(anonymous_22)
FNDA:1,(anonymous_23)
FNDA:2,(anonymous_24)
FNDA:2,(anonymous_25)
FNDA:2,(anonymous_26)
FNDA:4,(anonymous_27)
FNDA:4,(anonymous_28)
FNDA:2,(anonymous_29)
FNDA:2,(anonymous_30)
FNDA:1,(anonymous_31)
FNDA:1,(anonymous_32)
DA:1,2
DA:2,2
DA:3,2
DA:4,2
DA:6,2
DA:9,2
DA:10,1
DA:11,1
DA:12,2
DA:14,1
DA:19,1
DA:20,1
DA:22,0
DA:27,2
DA:28,1
DA:29,1
DA:30,1
DA:31,0
DA:33,1
DA:35,0
DA:40,2
DA:41,1
DA:42,1
DA:43,1
DA:44,0
DA:47,1
DA:48,1
DA:50,0
DA:56,2
DA:57,1
DA:58,1
DA:59,1
DA:60,0
DA:63,1
DA:65,0
DA:70,2
DA:71,2
DA:72,2
DA:73,2
DA:74,1
DA:77,2
DA:78,1
DA:79,1
DA:81,1
DA:83,0
DA:88,2
DA:89,2
DA:90,2
DA:91,2
DA:92,1
DA:95,1
DA:96,2
DA:97,1
DA:99,1
DA:101,0
DA:106,2
DA:107,2
DA:108,2
DA:109,2
DA:110,1
DA:112,1
DA:114,0
DA:119,4
DA:120,4
DA:121,4
DA:123,4
DA:125,4
DA:126,2
DA:129,4
DA:130,2
DA:131,2
DA:134,4
DA:135,4
DA:137,0
DA:142,2
DA:143,2
DA:145,2
DA:146,2
DA:147,1
DA:150,1
DA:151,1
DA:153,0
DA:158,2
DA:159,1
DA:160,1
DA:161,1
DA:162,0
DA:165,1
DA:166,1
DA:168,1
DA:170,0
DA:174,2
LF:92
LH:78
BRDA:30,0,0,0
BRDA:43,1,0,0
BRDA:59,2,0,0
BRDA:73,3,0,1
BRDA:91,4,0,1
BRDA:109,5,0,1
BRDA:125,6,0,2
BRDA:129,7,0,2
BRDA:146,8,0,1
BRDA:161,9,0,0
BRDA:165,10,0,0
BRDA:165,10,1,1
BRDA:165,11,0,1
BRDA:165,11,1,1
BRF:14
BRH:9
end_of_record
